@ Sat 08 Apr '17 15:30:11.716 #b0ca6fdf
GET http://5b85dee9.ngrok.io:443/?hmac=5679b1ba4748a463091a7bae5533d5bece0db5ac825096de35d2926c20f863f8&protocol=https%3A%2F%2F&shop=sg-drinks-party.myshopify.com&timestamp=1491636609 HTTP/1.1
Host: 5b85dee9.ngrok.io
Upgrade-Insecure-Requests: 1
User-Agent: Mozilla/5.0 (Macintosh; Intel Mac OS X 10_11_6) AppleWebKit/537.36 (KHTML, like Gecko) Chrome/56.0.2924.87 Safari/537.36
Accept: text/html,application/xhtml+xml,application/xml;q=0.9,image/webp,*/*;q=0.8
Accept-Encoding: gzip, deflate, sdch, br
Accept-Language: en-US,en;q=0.8
X-Forwarded-Proto: https
X-Forwarded-For: 175.156.225.209



@ Sat 08 Apr '17 15:30:11.718 #b0ca6fdf
HTTP/1.1 200 OK
Content-Type: text/html;charset=utf-8
Content-Length: 1112


          <!DOCTYPE html>
          <html lang="en">
          <head>
            <meta charset="utf-8" />
            <base target="_top">
            <title>Redirecting…</title>

            <script type='text/javascript'>
              // If the current window is the 'parent', change the URL by setting location.href
              if (window.top == window.self) {
                window.top.location.href = "/auth/shopify?shop=sg-drinks-party.myshopify.com\u0026return_to=https://5b85dee9.ngrok.io/";

              // If the current window is the 'child', change the parent's URL with postMessage
              } else {
                message = JSON.stringify({
                  message: 'Shopify.API.remoteRedirect',
                  data: { location: window.location.origin + "/auth/shopify?shop=sg-drinks-party.myshopify.com\u0026return_to=https://5b85dee9.ngrok.io/" }
                });
                window.parent.postMessage(message, 'https://sg-drinks-party.myshopify.com');
              }
            </script>
          </head>
          <body>
          </body>
        </html>
        

@ Sat 08 Apr '17 15:30:16.300 #f3a538c2
GET http://5b85dee9.ngrok.io:443/auth/shopify/callback?code=9ee8e946d8fe8ef6a284c6e11cb2caea&hmac=d410f8b4718068279f3d7b00cdaf73e5ffa011c19362657c1f8ae5df0d7e5f83&shop=sg-drinks-party.myshopify.com&state=3bee382218de37e1069733324384d42aac83bf60b69a3641&timestamp=1491636612 HTTP/1.1
Host: 5b85dee9.ngrok.io
Upgrade-Insecure-Requests: 1
User-Agent: Mozilla/5.0 (Macintosh; Intel Mac OS X 10_11_6) AppleWebKit/537.36 (KHTML, like Gecko) Chrome/56.0.2924.87 Safari/537.36
Accept: text/html,application/xhtml+xml,application/xml;q=0.9,image/webp,*/*;q=0.8
Accept-Encoding: gzip, deflate, sdch, br
Accept-Language: en-US,en;q=0.8
Cookie: %23%7Bbase_url%7D.session=BAh7DEkiD3Nlc3Npb25faWQGOgZFVEkiRWRmNWMwZGU5NjVkMDI3ZDM5MjI5%0AZDhhNmY3Yjk4NjQ1Mjc0YWMxMWI3M2RiMmJmMzJmNGM1NGFjNGEwYTgzZWMG%0AOwBGSSIJY3NyZgY7AEZJIiUzZDc5NmU5YjE4YjI4YTUyZjc0Yjc3MmI0MmI5%0AMTQ5YwY7AEZJIg10cmFja2luZwY7AEZ7B0kiFEhUVFBfVVNFUl9BR0VOVAY7%0AAFRJIi04NjQyNjM0ZmNjNWRiNWYwNzg2MGI5MGI0ZWI4MzQ4NWViMmJiMDNl%0ABjsARkkiGUhUVFBfQUNDRVBUX0xBTkdVQUdFBjsAVEkiLTY2ZWFlOTcxNDky%0AOTM4YzJkY2MyZmIxZGRjOGQ3ZWMzMTk2MDM3ZGEGOwBGSSIOX19GTEFTSF9f%0ABjsARnsASSIUb21uaWF1dGgucGFyYW1zBjsAVHsHSSIJc2hvcAY7AFRJIiJz%0AZy1kcmlua3MtcGFydHkubXlzaG9waWZ5LmNvbQY7AFRJIg5yZXR1cm5fdG8G%0AOwBUSSIfaHR0cHM6Ly81Yjg1ZGVlOS5uZ3Jvay5pby8GOwBUSSIVb21uaWF1%0AdGguaGVhZGVycwY7AFR7DyIMVkVSU0lPTiINSFRUUC8xLjEiCUhPU1QiFjVi%0AODVkZWU5Lm5ncm9rLmlvIh5VUEdSQURFX0lOU0VDVVJFX1JFUVVFU1RTIgYx%0AIg9VU0VSX0FHRU5UIn1Nb3ppbGxhLzUuMCAoTWFjaW50b3NoOyBJbnRlbCBN%0AYWMgT1MgWCAxMF8xMV82KSBBcHBsZVdlYktpdC81MzcuMzYgKEtIVE1MLCBs%0AaWtlIEdlY2tvKSBDaHJvbWUvNTYuMC4yOTI0Ljg3IFNhZmFyaS81MzcuMzYi%0AC0FDQ0VQVCJPdGV4dC9odG1sLGFwcGxpY2F0aW9uL3hodG1sK3htbCxhcHBs%0AaWNhdGlvbi94bWw7cT0wLjksaW1hZ2Uvd2VicCwqLyo7cT0wLjgiFEFDQ0VQ%0AVF9FTkNPRElORyIcZ3ppcCwgZGVmbGF0ZSwgc2RjaCwgYnIiFEFDQ0VQVF9M%0AQU5HVUFHRSITZW4tVVMsZW47cT0wLjgiC0NPT0tJRSICBQQlMjMlN0JiYXNl%0AX3VybCU3RC5zZXNzaW9uPUJBaDdDVWtpRDNObGMzTnBiMjVmYVdRR09nWkZW%0ARWtpUldSbU5XTXdaR1U1TmpWa01ESTNaRE01TWpJNSUwQVpEaGhObVkzWWpr%0ANE5qUTFNamMwWVdNeE1XSTNNMlJpTW1KbU16Sm1OR00xTkdGak5HRXdZVGd6%0AWldNRyUwQU93QkdTU0lKWTNOeVpnWTdBRVpKSWlVelpEYzVObVU1WWpFNFlq%0ASTRZVFV5WmpjMFlqYzNNbUkwTW1JNSUwQU1UUTVZd1k3QUVaSklnMTBjbUZq%0AYTJsdVp3WTdBRVo3QjBraUZFaFVWRkJmVlZORlVsOUJSMFZPVkFZNyUwQUFG%0AUkpJaTA0TmpReU5qTTBabU5qTldSaU5XWXdOemcyTUdJNU1HSTBaV0k0TXpR%0ANE5XVmlNbUppTURObCUwQUJqc0FSa2tpR1VoVVZGQmZRVU5EUlZCVVgweEJU%0Aa2RWUVVkRkJqc0FWRWtpTFRZMlpXRmxPVGN4TkRreSUwQU9UTTRZekprWTJN%0AeVptSXhaR1JqT0dRM1pXTXpNVGsyTURNM1pHRUdPd0JHU1NJT1gxOUdURUZU%0AU0Y5ZiUwQUJqc0FSbnNBJTBBLS0yMmRmYjZiYmE0NGMzMDI3ZjllNDllZDk2%0ANTdlNTM3NjZiZGIwNDMzOyByYWNrLnNlc3Npb249QkFoN0NVa2lEM05sYzNO%0AcGIyNWZhV1FHT2daRlZFa2lSV1JtTldNd1pHVTVOalZrTURJM1pETTVNakk1%0AJTBBWkRoaE5tWTNZams0TmpRMU1qYzBZV014TVdJM00yUmlNbUptTXpKbU5H%0ATTFOR0ZqTkdFd1lUZ3paV01HJTBBT3dCR1NTSUpZM055WmdZN0FFWkpJaVV6%0AWkRjNU5tVTVZakU0WWpJNFlUVXlaamMwWWpjM01tSTBNbUk1JTBBTVRRNVl3%0AWTdBRVpKSWcxMGNtRmphMmx1WndZN0FFWjdCMGtpRkVoVVZGQmZWVk5GVWw5%0AQlIwVk9WQVk3JTBBQUZSSklpMDROalF5TmpNMFptTmpOV1JpTldZd056ZzJN%0AR0k1TUdJMFpXSTRNelE0TldWaU1tSmlNRE5sJTBBQmpzQVJra2lHVWhVVkZC%0AZlFVTkRSVkJVWDB4QlRrZFZRVWRGQmpzQVZFa2lMVFkyWldGbE9UY3hORGt5%0AJTBBT1RNNFl6SmtZMk15Wm1JeFpHUmpPR1EzWldNek1UazJNRE0zWkdFR093%0AQkdTU0lPWDE5R1RFRlRTRjlmJTBBQmpzQVJuc0ElMEEtLThlNWFjZTNhYTgw%0AZjJlN2Q0NzkwMTJmYTlmMjlkZDg2NjY3N2M3YzciFlhfRk9SV0FSREVEX1BS%0AT1RPIgpodHRwcyIUWF9GT1JXQVJERURfRk9SIhQxNzUuMTU2LjIyNS4yMDlJ%0AIhNvbW5pYXV0aC5zdGF0ZQY7AFRJIjUzYmVlMzgyMjE4ZGUzN2UxMDY5NzMz%0AMzI0Mzg0ZDQyYWFjODNiZjYwYjY5YTM2NDEGOwBG%0A--70fa2e4ba3fb102b6a5b809089bf53b56286c10e; rack.session=BAh7DEkiD3Nlc3Npb25faWQGOgZFVEkiRWRmNWMwZGU5NjVkMDI3ZDM5MjI5%0AZDhhNmY3Yjk4NjQ1Mjc0YWMxMWI3M2RiMmJmMzJmNGM1NGFjNGEwYTgzZWMG%0AOwBGSSIJY3NyZgY7AEZJIiUzZDc5NmU5YjE4YjI4YTUyZjc0Yjc3MmI0MmI5%0AMTQ5YwY7AEZJIg10cmFja2luZwY7AEZ7B0kiFEhUVFBfVVNFUl9BR0VOVAY7%0AAFRJIi04NjQyNjM0ZmNjNWRiNWYwNzg2MGI5MGI0ZWI4MzQ4NWViMmJiMDNl%0ABjsARkkiGUhUVFBfQUNDRVBUX0xBTkdVQUdFBjsAVEkiLTY2ZWFlOTcxNDky%0AOTM4YzJkY2MyZmIxZGRjOGQ3ZWMzMTk2MDM3ZGEGOwBGSSIOX19GTEFTSF9f%0ABjsARnsASSIUb21uaWF1dGgucGFyYW1zBjsAVHsHSSIJc2hvcAY7AFRJIiJz%0AZy1kcmlua3MtcGFydHkubXlzaG9waWZ5LmNvbQY7AFRJIg5yZXR1cm5fdG8G%0AOwBUSSIfaHR0cHM6Ly81Yjg1ZGVlOS5uZ3Jvay5pby8GOwBUSSIVb21uaWF1%0AdGguaGVhZGVycwY7AFR7DyIMVkVSU0lPTiINSFRUUC8xLjEiCUhPU1QiFjVi%0AODVkZWU5Lm5ncm9rLmlvIh5VUEdSQURFX0lOU0VDVVJFX1JFUVVFU1RTIgYx%0AIg9VU0VSX0FHRU5UIn1Nb3ppbGxhLzUuMCAoTWFjaW50b3NoOyBJbnRlbCBN%0AYWMgT1MgWCAxMF8xMV82KSBBcHBsZVdlYktpdC81MzcuMzYgKEtIVE1MLCBs%0AaWtlIEdlY2tvKSBDaHJvbWUvNTYuMC4yOTI0Ljg3IFNhZmFyaS81MzcuMzYi%0AC0FDQ0VQVCJPdGV4dC9odG1sLGFwcGxpY2F0aW9uL3hodG1sK3htbCxhcHBs%0AaWNhdGlvbi94bWw7cT0wLjksaW1hZ2Uvd2VicCwqLyo7cT0wLjgiFEFDQ0VQ%0AVF9FTkNPRElORyIcZ3ppcCwgZGVmbGF0ZSwgc2RjaCwgYnIiFEFDQ0VQVF9M%0AQU5HVUFHRSITZW4tVVMsZW47cT0wLjgiC0NPT0tJRSICBQQlMjMlN0JiYXNl%0AX3VybCU3RC5zZXNzaW9uPUJBaDdDVWtpRDNObGMzTnBiMjVmYVdRR09nWkZW%0ARWtpUldSbU5XTXdaR1U1TmpWa01ESTNaRE01TWpJNSUwQVpEaGhObVkzWWpr%0ANE5qUTFNamMwWVdNeE1XSTNNMlJpTW1KbU16Sm1OR00xTkdGak5HRXdZVGd6%0AWldNRyUwQU93QkdTU0lKWTNOeVpnWTdBRVpKSWlVelpEYzVObVU1WWpFNFlq%0ASTRZVFV5WmpjMFlqYzNNbUkwTW1JNSUwQU1UUTVZd1k3QUVaSklnMTBjbUZq%0AYTJsdVp3WTdBRVo3QjBraUZFaFVWRkJmVlZORlVsOUJSMFZPVkFZNyUwQUFG%0AUkpJaTA0TmpReU5qTTBabU5qTldSaU5XWXdOemcyTUdJNU1HSTBaV0k0TXpR%0ANE5XVmlNbUppTURObCUwQUJqc0FSa2tpR1VoVVZGQmZRVU5EUlZCVVgweEJU%0Aa2RWUVVkRkJqc0FWRWtpTFRZMlpXRmxPVGN4TkRreSUwQU9UTTRZekprWTJN%0AeVptSXhaR1JqT0dRM1pXTXpNVGsyTURNM1pHRUdPd0JHU1NJT1gxOUdURUZU%0AU0Y5ZiUwQUJqc0FSbnNBJTBBLS0yMmRmYjZiYmE0NGMzMDI3ZjllNDllZDk2%0ANTdlNTM3NjZiZGIwNDMzOyByYWNrLnNlc3Npb249QkFoN0NVa2lEM05sYzNO%0AcGIyNWZhV1FHT2daRlZFa2lSV1JtTldNd1pHVTVOalZrTURJM1pETTVNakk1%0AJTBBWkRoaE5tWTNZams0TmpRMU1qYzBZV014TVdJM00yUmlNbUptTXpKbU5H%0ATTFOR0ZqTkdFd1lUZ3paV01HJTBBT3dCR1NTSUpZM055WmdZN0FFWkpJaVV6%0AWkRjNU5tVTVZakU0WWpJNFlUVXlaamMwWWpjM01tSTBNbUk1JTBBTVRRNVl3%0AWTdBRVpKSWcxMGNtRmphMmx1WndZN0FFWjdCMGtpRkVoVVZGQmZWVk5GVWw5%0AQlIwVk9WQVk3JTBBQUZSSklpMDROalF5TmpNMFptTmpOV1JpTldZd056ZzJN%0AR0k1TUdJMFpXSTRNelE0TldWaU1tSmlNRE5sJTBBQmpzQVJra2lHVWhVVkZC%0AZlFVTkRSVkJVWDB4QlRrZFZRVWRGQmpzQVZFa2lMVFkyWldGbE9UY3hORGt5%0AJTBBT1RNNFl6SmtZMk15Wm1JeFpHUmpPR1EzWldNek1UazJNRE0zWkdFR093%0AQkdTU0lPWDE5R1RFRlRTRjlmJTBBQmpzQVJuc0ElMEEtLThlNWFjZTNhYTgw%0AZjJlN2Q0NzkwMTJmYTlmMjlkZDg2NjY3N2M3YzciFlhfRk9SV0FSREVEX1BS%0AT1RPIgpodHRwcyIUWF9GT1JXQVJERURfRk9SIhQxNzUuMTU2LjIyNS4yMDlJ%0AIhNvbW5pYXV0aC5zdGF0ZQY7AFRJIjUzYmVlMzgyMjE4ZGUzN2UxMDY5NzMz%0AMzI0Mzg0ZDQyYWFjODNiZjYwYjY5YTM2NDEGOwBG%0A--9e54ccc6feb766c7b6fcad59316f931cfa01509e
X-Forwarded-Proto: https
X-Forwarded-For: 175.156.225.209



@ Sat 08 Apr '17 15:43:26.848 #cdfd6549
GET http://5b85dee9.ngrok.io:443/?hmac=a6ca22ee0ba8abc625221934ff16679e7a9d03c2c82a50eac25c06756f3ee612&protocol=https%3A%2F%2F&shop=sg-drinks-party.myshopify.com&timestamp=1491637404 HTTP/1.1
Host: 5b85dee9.ngrok.io
Upgrade-Insecure-Requests: 1
User-Agent: Mozilla/5.0 (Macintosh; Intel Mac OS X 10_11_6) AppleWebKit/537.36 (KHTML, like Gecko) Chrome/56.0.2924.87 Safari/537.36
Accept: text/html,application/xhtml+xml,application/xml;q=0.9,image/webp,*/*;q=0.8
Accept-Encoding: gzip, deflate, sdch, br
Accept-Language: en-US,en;q=0.8
Cookie: %23%7Bbase_url%7D.session=BAh7DEkiD3Nlc3Npb25faWQGOgZFVEkiRWRmNWMwZGU5NjVkMDI3ZDM5MjI5%0AZDhhNmY3Yjk4NjQ1Mjc0YWMxMWI3M2RiMmJmMzJmNGM1NGFjNGEwYTgzZWMG%0AOwBGSSIJY3NyZgY7AEZJIiUzZDc5NmU5YjE4YjI4YTUyZjc0Yjc3MmI0MmI5%0AMTQ5YwY7AEZJIg10cmFja2luZwY7AEZ7B0kiFEhUVFBfVVNFUl9BR0VOVAY7%0AAFRJIi04NjQyNjM0ZmNjNWRiNWYwNzg2MGI5MGI0ZWI4MzQ4NWViMmJiMDNl%0ABjsARkkiGUhUVFBfQUNDRVBUX0xBTkdVQUdFBjsAVEkiLTY2ZWFlOTcxNDky%0AOTM4YzJkY2MyZmIxZGRjOGQ3ZWMzMTk2MDM3ZGEGOwBGSSIOX19GTEFTSF9f%0ABjsARnsASSIUb21uaWF1dGgucGFyYW1zBjsAVHsHSSIJc2hvcAY7AFRJIiJz%0AZy1kcmlua3MtcGFydHkubXlzaG9waWZ5LmNvbQY7AFRJIg5yZXR1cm5fdG8G%0AOwBUSSIfaHR0cHM6Ly81Yjg1ZGVlOS5uZ3Jvay5pby8GOwBUSSIVb21uaWF1%0AdGguaGVhZGVycwY7AFR7DyIMVkVSU0lPTiINSFRUUC8xLjEiCUhPU1QiFjVi%0AODVkZWU5Lm5ncm9rLmlvIh5VUEdSQURFX0lOU0VDVVJFX1JFUVVFU1RTIgYx%0AIg9VU0VSX0FHRU5UIn1Nb3ppbGxhLzUuMCAoTWFjaW50b3NoOyBJbnRlbCBN%0AYWMgT1MgWCAxMF8xMV82KSBBcHBsZVdlYktpdC81MzcuMzYgKEtIVE1MLCBs%0AaWtlIEdlY2tvKSBDaHJvbWUvNTYuMC4yOTI0Ljg3IFNhZmFyaS81MzcuMzYi%0AC0FDQ0VQVCJPdGV4dC9odG1sLGFwcGxpY2F0aW9uL3hodG1sK3htbCxhcHBs%0AaWNhdGlvbi94bWw7cT0wLjksaW1hZ2Uvd2VicCwqLyo7cT0wLjgiFEFDQ0VQ%0AVF9FTkNPRElORyIcZ3ppcCwgZGVmbGF0ZSwgc2RjaCwgYnIiFEFDQ0VQVF9M%0AQU5HVUFHRSITZW4tVVMsZW47cT0wLjgiC0NPT0tJRSICBQQlMjMlN0JiYXNl%0AX3VybCU3RC5zZXNzaW9uPUJBaDdDVWtpRDNObGMzTnBiMjVmYVdRR09nWkZW%0ARWtpUldSbU5XTXdaR1U1TmpWa01ESTNaRE01TWpJNSUwQVpEaGhObVkzWWpr%0ANE5qUTFNamMwWVdNeE1XSTNNMlJpTW1KbU16Sm1OR00xTkdGak5HRXdZVGd6%0AWldNRyUwQU93QkdTU0lKWTNOeVpnWTdBRVpKSWlVelpEYzVObVU1WWpFNFlq%0ASTRZVFV5WmpjMFlqYzNNbUkwTW1JNSUwQU1UUTVZd1k3QUVaSklnMTBjbUZq%0AYTJsdVp3WTdBRVo3QjBraUZFaFVWRkJmVlZORlVsOUJSMFZPVkFZNyUwQUFG%0AUkpJaTA0TmpReU5qTTBabU5qTldSaU5XWXdOemcyTUdJNU1HSTBaV0k0TXpR%0ANE5XVmlNbUppTURObCUwQUJqc0FSa2tpR1VoVVZGQmZRVU5EUlZCVVgweEJU%0Aa2RWUVVkRkJqc0FWRWtpTFRZMlpXRmxPVGN4TkRreSUwQU9UTTRZekprWTJN%0AeVptSXhaR1JqT0dRM1pXTXpNVGsyTURNM1pHRUdPd0JHU1NJT1gxOUdURUZU%0AU0Y5ZiUwQUJqc0FSbnNBJTBBLS0yMmRmYjZiYmE0NGMzMDI3ZjllNDllZDk2%0ANTdlNTM3NjZiZGIwNDMzOyByYWNrLnNlc3Npb249QkFoN0NVa2lEM05sYzNO%0AcGIyNWZhV1FHT2daRlZFa2lSV1JtTldNd1pHVTVOalZrTURJM1pETTVNakk1%0AJTBBWkRoaE5tWTNZams0TmpRMU1qYzBZV014TVdJM00yUmlNbUptTXpKbU5H%0ATTFOR0ZqTkdFd1lUZ3paV01HJTBBT3dCR1NTSUpZM055WmdZN0FFWkpJaVV6%0AWkRjNU5tVTVZakU0WWpJNFlUVXlaamMwWWpjM01tSTBNbUk1JTBBTVRRNVl3%0AWTdBRVpKSWcxMGNtRmphMmx1WndZN0FFWjdCMGtpRkVoVVZGQmZWVk5GVWw5%0AQlIwVk9WQVk3JTBBQUZSSklpMDROalF5TmpNMFptTmpOV1JpTldZd056ZzJN%0AR0k1TUdJMFpXSTRNelE0TldWaU1tSmlNRE5sJTBBQmpzQVJra2lHVWhVVkZC%0AZlFVTkRSVkJVWDB4QlRrZFZRVWRGQmpzQVZFa2lMVFkyWldGbE9UY3hORGt5%0AJTBBT1RNNFl6SmtZMk15Wm1JeFpHUmpPR1EzWldNek1UazJNRE0zWkdFR093%0AQkdTU0lPWDE5R1RFRlRTRjlmJTBBQmpzQVJuc0ElMEEtLThlNWFjZTNhYTgw%0AZjJlN2Q0NzkwMTJmYTlmMjlkZDg2NjY3N2M3YzciFlhfRk9SV0FSREVEX1BS%0AT1RPIgpodHRwcyIUWF9GT1JXQVJERURfRk9SIhQxNzUuMTU2LjIyNS4yMDlJ%0AIhNvbW5pYXV0aC5zdGF0ZQY7AFRJIjUzYmVlMzgyMjE4ZGUzN2UxMDY5NzMz%0AMzI0Mzg0ZDQyYWFjODNiZjYwYjY5YTM2NDEGOwBG%0A--70fa2e4ba3fb102b6a5b809089bf53b56286c10e; rack.session=BAh7DEkiD3Nlc3Npb25faWQGOgZFVEkiRWRmNWMwZGU5NjVkMDI3ZDM5MjI5%0AZDhhNmY3Yjk4NjQ1Mjc0YWMxMWI3M2RiMmJmMzJmNGM1NGFjNGEwYTgzZWMG%0AOwBGSSIJY3NyZgY7AEZJIiUzZDc5NmU5YjE4YjI4YTUyZjc0Yjc3MmI0MmI5%0AMTQ5YwY7AEZJIg10cmFja2luZwY7AEZ7B0kiFEhUVFBfVVNFUl9BR0VOVAY7%0AAFRJIi04NjQyNjM0ZmNjNWRiNWYwNzg2MGI5MGI0ZWI4MzQ4NWViMmJiMDNl%0ABjsARkkiGUhUVFBfQUNDRVBUX0xBTkdVQUdFBjsAVEkiLTY2ZWFlOTcxNDky%0AOTM4YzJkY2MyZmIxZGRjOGQ3ZWMzMTk2MDM3ZGEGOwBGSSIOX19GTEFTSF9f%0ABjsARnsASSIUb21uaWF1dGgucGFyYW1zBjsAVHsHSSIJc2hvcAY7AFRJIiJz%0AZy1kcmlua3MtcGFydHkubXlzaG9waWZ5LmNvbQY7AFRJIg5yZXR1cm5fdG8G%0AOwBUSSIfaHR0cHM6Ly81Yjg1ZGVlOS5uZ3Jvay5pby8GOwBUSSIVb21uaWF1%0AdGguaGVhZGVycwY7AFR7DyIMVkVSU0lPTiINSFRUUC8xLjEiCUhPU1QiFjVi%0AODVkZWU5Lm5ncm9rLmlvIh5VUEdSQURFX0lOU0VDVVJFX1JFUVVFU1RTIgYx%0AIg9VU0VSX0FHRU5UIn1Nb3ppbGxhLzUuMCAoTWFjaW50b3NoOyBJbnRlbCBN%0AYWMgT1MgWCAxMF8xMV82KSBBcHBsZVdlYktpdC81MzcuMzYgKEtIVE1MLCBs%0AaWtlIEdlY2tvKSBDaHJvbWUvNTYuMC4yOTI0Ljg3IFNhZmFyaS81MzcuMzYi%0AC0FDQ0VQVCJPdGV4dC9odG1sLGFwcGxpY2F0aW9uL3hodG1sK3htbCxhcHBs%0AaWNhdGlvbi94bWw7cT0wLjksaW1hZ2Uvd2VicCwqLyo7cT0wLjgiFEFDQ0VQ%0AVF9FTkNPRElORyIcZ3ppcCwgZGVmbGF0ZSwgc2RjaCwgYnIiFEFDQ0VQVF9M%0AQU5HVUFHRSITZW4tVVMsZW47cT0wLjgiC0NPT0tJRSICBQQlMjMlN0JiYXNl%0AX3VybCU3RC5zZXNzaW9uPUJBaDdDVWtpRDNObGMzTnBiMjVmYVdRR09nWkZW%0ARWtpUldSbU5XTXdaR1U1TmpWa01ESTNaRE01TWpJNSUwQVpEaGhObVkzWWpr%0ANE5qUTFNamMwWVdNeE1XSTNNMlJpTW1KbU16Sm1OR00xTkdGak5HRXdZVGd6%0AWldNRyUwQU93QkdTU0lKWTNOeVpnWTdBRVpKSWlVelpEYzVObVU1WWpFNFlq%0ASTRZVFV5WmpjMFlqYzNNbUkwTW1JNSUwQU1UUTVZd1k3QUVaSklnMTBjbUZq%0AYTJsdVp3WTdBRVo3QjBraUZFaFVWRkJmVlZORlVsOUJSMFZPVkFZNyUwQUFG%0AUkpJaTA0TmpReU5qTTBabU5qTldSaU5XWXdOemcyTUdJNU1HSTBaV0k0TXpR%0ANE5XVmlNbUppTURObCUwQUJqc0FSa2tpR1VoVVZGQmZRVU5EUlZCVVgweEJU%0Aa2RWUVVkRkJqc0FWRWtpTFRZMlpXRmxPVGN4TkRreSUwQU9UTTRZekprWTJN%0AeVptSXhaR1JqT0dRM1pXTXpNVGsyTURNM1pHRUdPd0JHU1NJT1gxOUdURUZU%0AU0Y5ZiUwQUJqc0FSbnNBJTBBLS0yMmRmYjZiYmE0NGMzMDI3ZjllNDllZDk2%0ANTdlNTM3NjZiZGIwNDMzOyByYWNrLnNlc3Npb249QkFoN0NVa2lEM05sYzNO%0AcGIyNWZhV1FHT2daRlZFa2lSV1JtTldNd1pHVTVOalZrTURJM1pETTVNakk1%0AJTBBWkRoaE5tWTNZams0TmpRMU1qYzBZV014TVdJM00yUmlNbUptTXpKbU5H%0ATTFOR0ZqTkdFd1lUZ3paV01HJTBBT3dCR1NTSUpZM055WmdZN0FFWkpJaVV6%0AWkRjNU5tVTVZakU0WWpJNFlUVXlaamMwWWpjM01tSTBNbUk1JTBBTVRRNVl3%0AWTdBRVpKSWcxMGNtRmphMmx1WndZN0FFWjdCMGtpRkVoVVZGQmZWVk5GVWw5%0AQlIwVk9WQVk3JTBBQUZSSklpMDROalF5TmpNMFptTmpOV1JpTldZd056ZzJN%0AR0k1TUdJMFpXSTRNelE0TldWaU1tSmlNRE5sJTBBQmpzQVJra2lHVWhVVkZC%0AZlFVTkRSVkJVWDB4QlRrZFZRVWRGQmpzQVZFa2lMVFkyWldGbE9UY3hORGt5%0AJTBBT1RNNFl6SmtZMk15Wm1JeFpHUmpPR1EzWldNek1UazJNRE0zWkdFR093%0AQkdTU0lPWDE5R1RFRlRTRjlmJTBBQmpzQVJuc0ElMEEtLThlNWFjZTNhYTgw%0AZjJlN2Q0NzkwMTJmYTlmMjlkZDg2NjY3N2M3YzciFlhfRk9SV0FSREVEX1BS%0AT1RPIgpodHRwcyIUWF9GT1JXQVJERURfRk9SIhQxNzUuMTU2LjIyNS4yMDlJ%0AIhNvbW5pYXV0aC5zdGF0ZQY7AFRJIjUzYmVlMzgyMjE4ZGUzN2UxMDY5NzMz%0AMzI0Mzg0ZDQyYWFjODNiZjYwYjY5YTM2NDEGOwBG%0A--9e54ccc6feb766c7b6fcad59316f931cfa01509e
X-Forwarded-Proto: https
X-Forwarded-For: 175.156.225.209



@ Sat 08 Apr '17 15:43:26.851 #cdfd6549
HTTP/1.1 200 OK
Content-Type: text/html;charset=utf-8
Content-Length: 1112


          <!DOCTYPE html>
          <html lang="en">
          <head>
            <meta charset="utf-8" />
            <base target="_top">
            <title>Redirecting…</title>

            <script type='text/javascript'>
              // If the current window is the 'parent', change the URL by setting location.href
              if (window.top == window.self) {
                window.top.location.href = "/auth/shopify?shop=sg-drinks-party.myshopify.com\u0026return_to=https://5b85dee9.ngrok.io/";

              // If the current window is the 'child', change the parent's URL with postMessage
              } else {
                message = JSON.stringify({
                  message: 'Shopify.API.remoteRedirect',
                  data: { location: window.location.origin + "/auth/shopify?shop=sg-drinks-party.myshopify.com\u0026return_to=https://5b85dee9.ngrok.io/" }
                });
                window.parent.postMessage(message, 'https://sg-drinks-party.myshopify.com');
              }
            </script>
          </head>
          <body>
          </body>
        </html>
        

@ Sat 08 Apr '17 15:43:31.099 #d10754b0
GET http://5b85dee9.ngrok.io:443/auth/shopify/callback?code=ec62c3ae1b8f6af951593ab60278d0cb&hmac=6e0e9eab6fb990c9f0e1198c4082f136a347ee5c70d882bb665f9a0ff2cb1e98&shop=sg-drinks-party.myshopify.com&state=8dae1f12391227880191a198edf6642a23a0999d8afe39b2&timestamp=1491637407 HTTP/1.1
Host: 5b85dee9.ngrok.io
Upgrade-Insecure-Requests: 1
User-Agent: Mozilla/5.0 (Macintosh; Intel Mac OS X 10_11_6) AppleWebKit/537.36 (KHTML, like Gecko) Chrome/56.0.2924.87 Safari/537.36
Accept: text/html,application/xhtml+xml,application/xml;q=0.9,image/webp,*/*;q=0.8
Accept-Encoding: gzip, deflate, sdch, br
Accept-Language: en-US,en;q=0.8
Cookie: %23%7Bbase_url%7D.session=BAh7DEkiD3Nlc3Npb25faWQGOgZFVEkiRTdkN2E5NjRlMTNiZTc2Y2QyY2Zh%0AZmM4YjE5Yzg1NzNkNzgyZTEzYTk2YTM5NjY1MWY4YTQwYWRlYzY3YWIwODgG%0AOwBGSSIJY3NyZgY7AEZJIiVmZWY3YjZiOGQ0NjViMzkxZTljMDg1YmM3Nzcz%0ANzU4ZAY7AEZJIg10cmFja2luZwY7AEZ7B0kiFEhUVFBfVVNFUl9BR0VOVAY7%0AAFRJIi04NjQyNjM0ZmNjNWRiNWYwNzg2MGI5MGI0ZWI4MzQ4NWViMmJiMDNl%0ABjsARkkiGUhUVFBfQUNDRVBUX0xBTkdVQUdFBjsAVEkiLTY2ZWFlOTcxNDky%0AOTM4YzJkY2MyZmIxZGRjOGQ3ZWMzMTk2MDM3ZGEGOwBGSSIOX19GTEFTSF9f%0ABjsARnsASSIUb21uaWF1dGgucGFyYW1zBjsAVHsHSSIJc2hvcAY7AFRJIiJz%0AZy1kcmlua3MtcGFydHkubXlzaG9waWZ5LmNvbQY7AFRJIg5yZXR1cm5fdG8G%0AOwBUSSIfaHR0cHM6Ly81Yjg1ZGVlOS5uZ3Jvay5pby8GOwBUSSIVb21uaWF1%0AdGguaGVhZGVycwY7AFR7DyIMVkVSU0lPTiINSFRUUC8xLjEiCUhPU1QiFjVi%0AODVkZWU5Lm5ncm9rLmlvIh5VUEdSQURFX0lOU0VDVVJFX1JFUVVFU1RTIgYx%0AIg9VU0VSX0FHRU5UIn1Nb3ppbGxhLzUuMCAoTWFjaW50b3NoOyBJbnRlbCBN%0AYWMgT1MgWCAxMF8xMV82KSBBcHBsZVdlYktpdC81MzcuMzYgKEtIVE1MLCBs%0AaWtlIEdlY2tvKSBDaHJvbWUvNTYuMC4yOTI0Ljg3IFNhZmFyaS81MzcuMzYi%0AC0FDQ0VQVCJPdGV4dC9odG1sLGFwcGxpY2F0aW9uL3hodG1sK3htbCxhcHBs%0AaWNhdGlvbi94bWw7cT0wLjksaW1hZ2Uvd2VicCwqLyo7cT0wLjgiFEFDQ0VQ%0AVF9FTkNPRElORyIcZ3ppcCwgZGVmbGF0ZSwgc2RjaCwgYnIiFEFDQ0VQVF9M%0AQU5HVUFHRSITZW4tVVMsZW47cT0wLjgiC0NPT0tJRSICBQQlMjMlN0JiYXNl%0AX3VybCU3RC5zZXNzaW9uPUJBaDdDVWtpRDNObGMzTnBiMjVmYVdRR09nWkZW%0ARWtpUlRka04yRTVOalJsTVROaVpUYzJZMlF5WTJaaCUwQVptTTRZakU1WXpn%0AMU56TmtOemd5WlRFellUazJZVE01TmpZMU1XWTRZVFF3WVdSbFl6WTNZV0l3%0AT0RnRyUwQU93QkdTU0lKWTNOeVpnWTdBRVpKSWlWbVpXWTNZalppT0dRME5q%0AVmlNemt4WlRsak1EZzFZbU0zTnpjeiUwQU56VTRaQVk3QUVaSklnMTBjbUZq%0AYTJsdVp3WTdBRVo3QjBraUZFaFVWRkJmVlZORlVsOUJSMFZPVkFZNyUwQUFG%0AUkpJaTA0TmpReU5qTTBabU5qTldSaU5XWXdOemcyTUdJNU1HSTBaV0k0TXpR%0ANE5XVmlNbUppTURObCUwQUJqc0FSa2tpR1VoVVZGQmZRVU5EUlZCVVgweEJU%0Aa2RWUVVkRkJqc0FWRWtpTFRZMlpXRmxPVGN4TkRreSUwQU9UTTRZekprWTJN%0AeVptSXhaR1JqT0dRM1pXTXpNVGsyTURNM1pHRUdPd0JHU1NJT1gxOUdURUZU%0AU0Y5ZiUwQUJqc0FSbnNBJTBBLS0yYWRmOGY2Nzk5ZDViNDI4ZTViNWFlYWU2%0ANmYxNzIyOThhNDliZjRlOyByYWNrLnNlc3Npb249QkFoN0NVa2lEM05sYzNO%0AcGIyNWZhV1FHT2daRlZFa2lSVGRrTjJFNU5qUmxNVE5pWlRjMlkyUXlZMlpo%0AJTBBWm1NNFlqRTVZemcxTnpOa056Z3laVEV6WVRrMllUTTVOalkxTVdZNFlU%0AUXdZV1JsWXpZM1lXSXdPRGdHJTBBT3dCR1NTSUpZM055WmdZN0FFWkpJaVZt%0AWldZM1lqWmlPR1EwTmpWaU16a3haVGxqTURnMVltTTNOemN6JTBBTnpVNFpB%0AWTdBRVpKSWcxMGNtRmphMmx1WndZN0FFWjdCMGtpRkVoVVZGQmZWVk5GVWw5%0AQlIwVk9WQVk3JTBBQUZSSklpMDROalF5TmpNMFptTmpOV1JpTldZd056ZzJN%0AR0k1TUdJMFpXSTRNelE0TldWaU1tSmlNRE5sJTBBQmpzQVJra2lHVWhVVkZC%0AZlFVTkRSVkJVWDB4QlRrZFZRVWRGQmpzQVZFa2lMVFkyWldGbE9UY3hORGt5%0AJTBBT1RNNFl6SmtZMk15Wm1JeFpHUmpPR1EzWldNek1UazJNRE0zWkdFR093%0AQkdTU0lPWDE5R1RFRlRTRjlmJTBBQmpzQVJuc0ElMEEtLTVlNGNmMWJlMDhm%0ANzhlZjA5YzRkMzRhNzcwNzJhNzUyNmM3ZWYwMzEiFlhfRk9SV0FSREVEX1BS%0AT1RPIgpodHRwcyIUWF9GT1JXQVJERURfRk9SIhQxNzUuMTU2LjIyNS4yMDlJ%0AIhNvbW5pYXV0aC5zdGF0ZQY7AFRJIjU4ZGFlMWYxMjM5MTIyNzg4MDE5MWEx%0AOThlZGY2NjQyYTIzYTA5OTlkOGFmZTM5YjIGOwBG%0A--dfd6045a1a42debd1f5468ace701598ce1b6ce22; rack.session=BAh7DEkiD3Nlc3Npb25faWQGOgZFVEkiRTdkN2E5NjRlMTNiZTc2Y2QyY2Zh%0AZmM4YjE5Yzg1NzNkNzgyZTEzYTk2YTM5NjY1MWY4YTQwYWRlYzY3YWIwODgG%0AOwBGSSIJY3NyZgY7AEZJIiVmZWY3YjZiOGQ0NjViMzkxZTljMDg1YmM3Nzcz%0ANzU4ZAY7AEZJIg10cmFja2luZwY7AEZ7B0kiFEhUVFBfVVNFUl9BR0VOVAY7%0AAFRJIi04NjQyNjM0ZmNjNWRiNWYwNzg2MGI5MGI0ZWI4MzQ4NWViMmJiMDNl%0ABjsARkkiGUhUVFBfQUNDRVBUX0xBTkdVQUdFBjsAVEkiLTY2ZWFlOTcxNDky%0AOTM4YzJkY2MyZmIxZGRjOGQ3ZWMzMTk2MDM3ZGEGOwBGSSIOX19GTEFTSF9f%0ABjsARnsASSIUb21uaWF1dGgucGFyYW1zBjsAVHsHSSIJc2hvcAY7AFRJIiJz%0AZy1kcmlua3MtcGFydHkubXlzaG9waWZ5LmNvbQY7AFRJIg5yZXR1cm5fdG8G%0AOwBUSSIfaHR0cHM6Ly81Yjg1ZGVlOS5uZ3Jvay5pby8GOwBUSSIVb21uaWF1%0AdGguaGVhZGVycwY7AFR7DyIMVkVSU0lPTiINSFRUUC8xLjEiCUhPU1QiFjVi%0AODVkZWU5Lm5ncm9rLmlvIh5VUEdSQURFX0lOU0VDVVJFX1JFUVVFU1RTIgYx%0AIg9VU0VSX0FHRU5UIn1Nb3ppbGxhLzUuMCAoTWFjaW50b3NoOyBJbnRlbCBN%0AYWMgT1MgWCAxMF8xMV82KSBBcHBsZVdlYktpdC81MzcuMzYgKEtIVE1MLCBs%0AaWtlIEdlY2tvKSBDaHJvbWUvNTYuMC4yOTI0Ljg3IFNhZmFyaS81MzcuMzYi%0AC0FDQ0VQVCJPdGV4dC9odG1sLGFwcGxpY2F0aW9uL3hodG1sK3htbCxhcHBs%0AaWNhdGlvbi94bWw7cT0wLjksaW1hZ2Uvd2VicCwqLyo7cT0wLjgiFEFDQ0VQ%0AVF9FTkNPRElORyIcZ3ppcCwgZGVmbGF0ZSwgc2RjaCwgYnIiFEFDQ0VQVF9M%0AQU5HVUFHRSITZW4tVVMsZW47cT0wLjgiC0NPT0tJRSICBQQlMjMlN0JiYXNl%0AX3VybCU3RC5zZXNzaW9uPUJBaDdDVWtpRDNObGMzTnBiMjVmYVdRR09nWkZW%0ARWtpUlRka04yRTVOalJsTVROaVpUYzJZMlF5WTJaaCUwQVptTTRZakU1WXpn%0AMU56TmtOemd5WlRFellUazJZVE01TmpZMU1XWTRZVFF3WVdSbFl6WTNZV0l3%0AT0RnRyUwQU93QkdTU0lKWTNOeVpnWTdBRVpKSWlWbVpXWTNZalppT0dRME5q%0AVmlNemt4WlRsak1EZzFZbU0zTnpjeiUwQU56VTRaQVk3QUVaSklnMTBjbUZq%0AYTJsdVp3WTdBRVo3QjBraUZFaFVWRkJmVlZORlVsOUJSMFZPVkFZNyUwQUFG%0AUkpJaTA0TmpReU5qTTBabU5qTldSaU5XWXdOemcyTUdJNU1HSTBaV0k0TXpR%0ANE5XVmlNbUppTURObCUwQUJqc0FSa2tpR1VoVVZGQmZRVU5EUlZCVVgweEJU%0Aa2RWUVVkRkJqc0FWRWtpTFRZMlpXRmxPVGN4TkRreSUwQU9UTTRZekprWTJN%0AeVptSXhaR1JqT0dRM1pXTXpNVGsyTURNM1pHRUdPd0JHU1NJT1gxOUdURUZU%0AU0Y5ZiUwQUJqc0FSbnNBJTBBLS0yYWRmOGY2Nzk5ZDViNDI4ZTViNWFlYWU2%0ANmYxNzIyOThhNDliZjRlOyByYWNrLnNlc3Npb249QkFoN0NVa2lEM05sYzNO%0AcGIyNWZhV1FHT2daRlZFa2lSVGRrTjJFNU5qUmxNVE5pWlRjMlkyUXlZMlpo%0AJTBBWm1NNFlqRTVZemcxTnpOa056Z3laVEV6WVRrMllUTTVOalkxTVdZNFlU%0AUXdZV1JsWXpZM1lXSXdPRGdHJTBBT3dCR1NTSUpZM055WmdZN0FFWkpJaVZt%0AWldZM1lqWmlPR1EwTmpWaU16a3haVGxqTURnMVltTTNOemN6JTBBTnpVNFpB%0AWTdBRVpKSWcxMGNtRmphMmx1WndZN0FFWjdCMGtpRkVoVVZGQmZWVk5GVWw5%0AQlIwVk9WQVk3JTBBQUZSSklpMDROalF5TmpNMFptTmpOV1JpTldZd056ZzJN%0AR0k1TUdJMFpXSTRNelE0TldWaU1tSmlNRE5sJTBBQmpzQVJra2lHVWhVVkZC%0AZlFVTkRSVkJVWDB4QlRrZFZRVWRGQmpzQVZFa2lMVFkyWldGbE9UY3hORGt5%0AJTBBT1RNNFl6SmtZMk15Wm1JeFpHUmpPR1EzWldNek1UazJNRE0zWkdFR093%0AQkdTU0lPWDE5R1RFRlRTRjlmJTBBQmpzQVJuc0ElMEEtLTVlNGNmMWJlMDhm%0ANzhlZjA5YzRkMzRhNzcwNzJhNzUyNmM3ZWYwMzEiFlhfRk9SV0FSREVEX1BS%0AT1RPIgpodHRwcyIUWF9GT1JXQVJERURfRk9SIhQxNzUuMTU2LjIyNS4yMDlJ%0AIhNvbW5pYXV0aC5zdGF0ZQY7AFRJIjU4ZGFlMWYxMjM5MTIyNzg4MDE5MWEx%0AOThlZGY2NjQyYTIzYTA5OTlkOGFmZTM5YjIGOwBG%0A--e955f7804702c7d2cbb77b17a98796cb65fb5255
X-Forwarded-Proto: https
X-Forwarded-For: 175.156.225.209



