/Users/yeoenggu/.rbenv/versions/2.3.0/gemsets/Users/yeoenggu/Projects/Shopify/sinatra/projects/first_order/.gems/gems/pry-byebug-3.3.0/lib/byebug/processors/pry_processor.rb:107:in `block in resume_pry'
/Users/yeoenggu/.rbenv/versions/2.3.0/gemsets/Users/yeoenggu/Projects/Shopify/sinatra/projects/first_order/.gems/gems/pry-byebug-3.3.0/lib/byebug/processors/pry_processor.rb:28:in `block in run'
/Users/yeoenggu/.rbenv/versions/2.3.0/gemsets/Users/yeoenggu/Projects/Shopify/sinatra/projects/first_order/.gems/gems/pry-byebug-3.3.0/lib/byebug/processors/pry_processor.rb:27:in `catch'
/Users/yeoenggu/.rbenv/versions/2.3.0/gemsets/Users/yeoenggu/Projects/Shopify/sinatra/projects/first_order/.gems/gems/pry-byebug-3.3.0/lib/byebug/processors/pry_processor.rb:27:in `run'
/Users/yeoenggu/.rbenv/versions/2.3.0/gemsets/Users/yeoenggu/Projects/Shopify/sinatra/projects/first_order/.gems/gems/pry-byebug-3.3.0/lib/byebug/processors/pry_processor.rb:103:in `resume_pry'
/Users/yeoenggu/.rbenv/versions/2.3.0/gemsets/Users/yeoenggu/Projects/Shopify/sinatra/projects/first_order/.gems/gems/pry-byebug-3.3.0/lib/byebug/processors/pry_processor.rb:55:in `at_line'
/Users/yeoenggu/.rbenv/versions/2.3.0/gemsets/Users/yeoenggu/Projects/Shopify/sinatra/projects/first_order/.gems/gems/byebug-8.2.1/lib/byebug/context.rb:96:in `at_line'
/Users/yeoenggu/.rbenv/versions/2.3.0/lib/ruby/gems/2.3.0/gems/omniauth-oauth2-1.4.0/lib/omniauth/strategies/oauth2.rb:105:in `build_access_token'
/Users/yeoenggu/.rbenv/versions/2.3.0/lib/ruby/gems/2.3.0/gems/omniauth-shopify-oauth2-1.1.17/lib/omniauth/strategies/shopify.rb:140:in `build_access_token'
/Users/yeoenggu/.rbenv/versions/2.3.0/lib/ruby/gems/2.3.0/gems/omniauth-shopify-oauth2-1.1.17/lib/omniauth/strategies/shopify.rb:114:in `callback_phase'
/Users/yeoenggu/.rbenv/versions/2.3.0/gemsets/Users/yeoenggu/Projects/Shopify/sinatra/projects/first_order/.gems/gems/omniauth-1.6.0/lib/omniauth/strategy.rb:233:in `callback_call'
/Users/yeoenggu/.rbenv/versions/2.3.0/gemsets/Users/yeoenggu/Projects/Shopify/sinatra/projects/first_order/.gems/gems/omniauth-1.6.0/lib/omniauth/strategy.rb:187:in `call!'
/Users/yeoenggu/.rbenv/versions/2.3.0/gemsets/Users/yeoenggu/Projects/Shopify/sinatra/projects/first_order/.gems/gems/omniauth-1.6.0/lib/omniauth/strategy.rb:167:in `call'
/Users/yeoenggu/.rbenv/versions/2.3.0/gemsets/Users/yeoenggu/Projects/Shopify/sinatra/projects/first_order/.gems/gems/omniauth-1.6.0/lib/omniauth/builder.rb:63:in `call'
/Users/yeoenggu/.rbenv/versions/2.3.0/gemsets/Users/yeoenggu/Projects/Shopify/sinatra/projects/first_order/.gems/gems/rack-1.6.4/lib/rack/session/abstract/id.rb:225:in `context'
/Users/yeoenggu/.rbenv/versions/2.3.0/gemsets/Users/yeoenggu/Projects/Shopify/sinatra/projects/first_order/.gems/gems/rack-1.6.4/lib/rack/session/abstract/id.rb:220:in `call'
/Users/yeoenggu/.rbenv/versions/2.3.0/gemsets/Users/yeoenggu/Projects/Shopify/sinatra/projects/first_order/.gems/gems/rack-1.6.4/lib/rack/methodoverride.rb:22:in `call'
/Users/yeoenggu/.rbenv/versions/2.3.0/gemsets/Users/yeoenggu/Projects/Shopify/sinatra/projects/first_order/.gems/gems/rack-flash3-1.0.5/lib/rack/flash.rb:124:in `call'
/Users/yeoenggu/.rbenv/versions/2.3.0/gemsets/Users/yeoenggu/Projects/Shopify/sinatra/projects/first_order/.gems/gems/activerecord-4.1.14/lib/active_record/connection_adapters/abstract/connection_pool.rb:621:in `call'
/Users/yeoenggu/.rbenv/versions/2.3.0/gemsets/Users/yeoenggu/Projects/Shopify/sinatra/projects/first_order/.gems/gems/rack-flash3-1.0.5/lib/rack/flash.rb:124:in `call'
/Users/yeoenggu/.rbenv/versions/2.3.0/gemsets/Users/yeoenggu/Projects/Shopify/sinatra/projects/first_order/.gems/gems/omniauth-1.6.0/lib/omniauth/strategy.rb:412:in `call_app!'
/Users/yeoenggu/.rbenv/versions/2.3.0/gemsets/Users/yeoenggu/Projects/Shopify/sinatra/projects/first_order/.gems/gems/omniauth-1.6.0/lib/omniauth/strategy.rb:366:in `callback_phase'
/Users/yeoenggu/.rbenv/versions/2.3.0/lib/ruby/gems/2.3.0/gems/omniauth-oauth2-1.4.0/lib/omniauth/strategies/oauth2.rb:84:in `callback_phase'
/Users/yeoenggu/.rbenv/versions/2.3.0/lib/ruby/gems/2.3.0/gems/omniauth-shopify-oauth2-1.1.17/lib/omniauth/strategies/shopify.rb:129:in `callback_phase'
